<?xml version="1.0" encoding="UTF-8"?>
<!-- Generated by org.testng.reporters.JUnitReportReporter -->
<testsuite skipped="0" hostname="DineshPC" name="helloworld_dinesh.TestHelloWorld" tests="1" failures="0" timestamp="2019-11-24T14:28:26 IST" time="0.015" errors="0">
  <testcase name="testHelloWorld" time="0.015" classname="helloworld_dinesh.TestHelloWorld"/>
</testsuite> <!-- helloworld_dinesh.TestHelloWorld -->
